[1120/173212.360:ERROR:directory_reader_win.cc(43)] FindFirstFile: —ËÒÚÂÏÂ ÌÂ Û‰‡ÂÚÒˇ Ì‡ÈÚË ÛÍ‡Á‡ÌÌ˚È ÔÛÚ¸. (0x3)
[1122/160212.162:ERROR:directory_reader_win.cc(43)] FindFirstFile: –°–∏—Å—Ç–µ–º–µ –Ω–µ —É–¥–∞–µ—Ç—Å—è –Ω–∞–π—Ç–∏ —É–∫–∞–∑–∞–Ω–Ω—ã–π –ø—É—Ç—å. (0x3)
[1123/181432.812:ERROR:process_reader_win.cc(151)] SuspendThread: –û—Ç–∫–∞–∑–∞–Ω–æ –≤ –¥–æ—Å—Ç—É–ø–µ. (0x5)
[1123/181432.814:ERROR:process_reader_win.cc(151)] SuspendThread: –û—Ç–∫–∞–∑–∞–Ω–æ –≤ –¥–æ—Å—Ç—É–ø–µ. (0x5)
[1123/181432.814:ERROR:process_reader_win.cc(151)] SuspendThread: –û—Ç–∫–∞–∑–∞–Ω–æ –≤ –¥–æ—Å—Ç—É–ø–µ. (0x5)
[1123/181432.814:ERROR:process_reader_win.cc(151)] SuspendThread: –û—Ç–∫–∞–∑–∞–Ω–æ –≤ –¥–æ—Å—Ç—É–ø–µ. (0x5)
[1123/181432.814:ERROR:process_reader_win.cc(151)] SuspendThread: –û—Ç–∫–∞–∑–∞–Ω–æ –≤ –¥–æ—Å—Ç—É–ø–µ. (0x5)
[1123/181432.816:ERROR:process_reader_win.cc(151)] SuspendThread: –û—Ç–∫–∞–∑–∞–Ω–æ –≤ –¥–æ—Å—Ç—É–ø–µ. (0x5)
[1123/181432.816:ERROR:process_reader_win.cc(151)] SuspendThread: –û—Ç–∫–∞–∑–∞–Ω–æ –≤ –¥–æ—Å—Ç—É–ø–µ. (0x5)
[1123/181432.816:ERROR:process_reader_win.cc(151)] SuspendThread: –û—Ç–∫–∞–∑–∞–Ω–æ –≤ –¥–æ—Å—Ç—É–ø–µ. (0x5)
[1123/181432.816:ERROR:process_reader_win.cc(151)] SuspendThread: –û—Ç–∫–∞–∑–∞–Ω–æ –≤ –¥–æ—Å—Ç—É–ø–µ. (0x5)
[1123/181432.817:ERROR:process_reader_win.cc(151)] SuspendThread: –û—Ç–∫–∞–∑–∞–Ω–æ –≤ –¥–æ—Å—Ç—É–ø–µ. (0x5)
[1123/181432.817:ERROR:process_reader_win.cc(151)] SuspendThread: –û—Ç–∫–∞–∑–∞–Ω–æ –≤ –¥–æ—Å—Ç—É–ø–µ. (0x5)
[1123/181432.817:ERROR:process_reader_win.cc(151)] SuspendThread: –û—Ç–∫–∞–∑–∞–Ω–æ –≤ –¥–æ—Å—Ç—É–ø–µ. (0x5)
[1123/181432.817:ERROR:process_reader_win.cc(151)] SuspendThread: –û—Ç–∫–∞–∑–∞–Ω–æ –≤ –¥–æ—Å—Ç—É–ø–µ. (0x5)
[1123/181432.815:ERROR:process_reader_win.cc(123)] NtOpenThread: {–û—Ç–∫–∞–∑–∞–Ω–æ –≤ –¥–æ—Å—Ç—É–ø–µ} –ü—Ä–æ—Ü–µ—Å—Å –∑–∞–ø—Ä–æ—Å–∏–ª –¥–æ—Å—Ç—É–ø –∫ –æ–±—ä–µ–∫—Ç—É, –Ω–æ –ø—Ä–∞–≤–∞ –Ω–∞ –¥–æ—Å—Ç—É–ø –Ω–µ –ø—Ä–µ–¥–æ—Å—Ç–∞–≤–ª–µ–Ω—ã. (0xc0000022)
[1123/181432.819:ERROR:exception_snapshot_win.cc(99)] thread ID 14504 not found in process
[1123/181432.817:ERROR:process_reader_win.cc(123)] NtOpenThread: {–û—Ç–∫–∞–∑–∞–Ω–æ –≤ –¥–æ—Å—Ç—É–ø–µ} –ü—Ä–æ—Ü–µ—Å—Å –∑–∞–ø—Ä–æ—Å–∏–ª –¥–æ—Å—Ç—É–ø –∫ –æ–±—ä–µ–∫—Ç—É, –Ω–æ –ø—Ä–∞–≤–∞ –Ω–∞ –¥–æ—Å—Ç—É–ø –Ω–µ –ø—Ä–µ–¥–æ—Å—Ç–∞–≤–ª–µ–Ω—ã. (0xc0000022)
[1123/181432.819:ERROR:exception_snapshot_win.cc(99)] thread ID 12584 not found in process
[1123/181432.826:ERROR:process_reader_win.cc(151)] SuspendThread: –û—Ç–∫–∞–∑–∞–Ω–æ –≤ –¥–æ—Å—Ç—É–ø–µ. (0x5)
[1123/181432.828:ERROR:process_reader_win.cc(151)] SuspendThread: –û—Ç–∫–∞–∑–∞–Ω–æ –≤ –¥–æ—Å—Ç—É–ø–µ. (0x5)
[1123/181432.828:ERROR:process_reader_win.cc(151)] SuspendThread: –û—Ç–∫–∞–∑–∞–Ω–æ –≤ –¥–æ—Å—Ç—É–ø–µ. (0x5)
[1123/181432.828:ERROR:process_reader_win.cc(151)] SuspendThread: –û—Ç–∫–∞–∑–∞–Ω–æ –≤ –¥–æ—Å—Ç—É–ø–µ. (0x5)
[1123/181432.828:ERROR:process_reader_win.cc(151)] SuspendThread: –û—Ç–∫–∞–∑–∞–Ω–æ –≤ –¥–æ—Å—Ç—É–ø–µ. (0x5)
[1123/181432.829:ERROR:process_reader_win.cc(151)] SuspendThread: –û—Ç–∫–∞–∑–∞–Ω–æ –≤ –¥–æ—Å—Ç—É–ø–µ. (0x5)
[1123/181432.829:ERROR:process_reader_win.cc(151)] SuspendThread: –û—Ç–∫–∞–∑–∞–Ω–æ –≤ –¥–æ—Å—Ç—É–ø–µ. (0x5)
[1123/181432.829:ERROR:process_reader_win.cc(151)] SuspendThread: –û—Ç–∫–∞–∑–∞–Ω–æ –≤ –¥–æ—Å—Ç—É–ø–µ. (0x5)
[1123/181432.829:ERROR:process_reader_win.cc(151)] SuspendThread: –û—Ç–∫–∞–∑–∞–Ω–æ –≤ –¥–æ—Å—Ç—É–ø–µ. (0x5)
[1123/181432.829:ERROR:process_reader_win.cc(123)] NtOpenThread: {–û—Ç–∫–∞–∑–∞–Ω–æ –≤ –¥–æ—Å—Ç—É–ø–µ} –ü—Ä–æ—Ü–µ—Å—Å –∑–∞–ø—Ä–æ—Å–∏–ª –¥–æ—Å—Ç—É–ø –∫ –æ–±—ä–µ–∫—Ç—É, –Ω–æ –ø—Ä–∞–≤–∞ –Ω–∞ –¥–æ—Å—Ç—É–ø –Ω–µ –ø—Ä–µ–¥–æ—Å—Ç–∞–≤–ª–µ–Ω—ã. (0xc0000022)
[1123/181432.829:ERROR:exception_snapshot_win.cc(99)] thread ID 14456 not found in process
[1123/181432.866:ERROR:process_reader_win.cc(151)] SuspendThread: –û—Ç–∫–∞–∑–∞–Ω–æ –≤ –¥–æ—Å—Ç—É–ø–µ. (0x5)
[1123/181432.866:ERROR:process_reader_win.cc(151)] SuspendThread: –û—Ç–∫–∞–∑–∞–Ω–æ –≤ –¥–æ—Å—Ç—É–ø–µ. (0x5)
[1123/181432.866:ERROR:process_reader_win.cc(151)] SuspendThread: –û—Ç–∫–∞–∑–∞–Ω–æ –≤ –¥–æ—Å—Ç—É–ø–µ. (0x5)
[1123/181432.866:ERROR:process_reader_win.cc(151)] SuspendThread: –û—Ç–∫–∞–∑–∞–Ω–æ –≤ –¥–æ—Å—Ç—É–ø–µ. (0x5)
[1123/181432.866:ERROR:process_reader_win.cc(151)] SuspendThread: –û—Ç–∫–∞–∑–∞–Ω–æ –≤ –¥–æ—Å—Ç—É–ø–µ. (0x5)
[1123/181432.866:ERROR:process_reader_win.cc(151)] SuspendThread: –û—Ç–∫–∞–∑–∞–Ω–æ –≤ –¥–æ—Å—Ç—É–ø–µ. (0x5)
[1123/181432.866:ERROR:process_reader_win.cc(151)] SuspendThread: –û—Ç–∫–∞–∑–∞–Ω–æ –≤ –¥–æ—Å—Ç—É–ø–µ. (0x5)
[1123/181432.866:ERROR:process_reader_win.cc(151)] SuspendThread: –û—Ç–∫–∞–∑–∞–Ω–æ –≤ –¥–æ—Å—Ç—É–ø–µ. (0x5)
[1123/181432.866:ERROR:process_reader_win.cc(151)] SuspendThread: –û—Ç–∫–∞–∑–∞–Ω–æ –≤ –¥–æ—Å—Ç—É–ø–µ. (0x5)
[1123/181432.866:ERROR:process_reader_win.cc(151)] SuspendThread: –û—Ç–∫–∞–∑–∞–Ω–æ –≤ –¥–æ—Å—Ç—É–ø–µ. (0x5)
[1123/181432.866:ERROR:process_reader_win.cc(151)] SuspendThread: –û—Ç–∫–∞–∑–∞–Ω–æ –≤ –¥–æ—Å—Ç—É–ø–µ. (0x5)
[1123/181432.866:ERROR:process_reader_win.cc(151)] SuspendThread: –û—Ç–∫–∞–∑–∞–Ω–æ –≤ –¥–æ—Å—Ç—É–ø–µ. (0x5)
[1123/181432.866:ERROR:process_reader_win.cc(151)] SuspendThread: –û—Ç–∫–∞–∑–∞–Ω–æ –≤ –¥–æ—Å—Ç—É–ø–µ. (0x5)
[1123/181432.866:ERROR:process_reader_win.cc(151)] SuspendThread: –û—Ç–∫–∞–∑–∞–Ω–æ –≤ –¥–æ—Å—Ç—É–ø–µ. (0x5)
[1123/181432.866:ERROR:process_reader_win.cc(151)] SuspendThread: –û—Ç–∫–∞–∑–∞–Ω–æ –≤ –¥–æ—Å—Ç—É–ø–µ. (0x5)
[1123/181432.866:ERROR:process_reader_win.cc(123)] NtOpenThread: {–û—Ç–∫–∞–∑–∞–Ω–æ –≤ –¥–æ—Å—Ç—É–ø–µ} –ü—Ä–æ—Ü–µ—Å—Å –∑–∞–ø—Ä–æ—Å–∏–ª –¥–æ—Å—Ç—É–ø –∫ –æ–±—ä–µ–∫—Ç—É, –Ω–æ –ø—Ä–∞–≤–∞ –Ω–∞ –¥–æ—Å—Ç—É–ø –Ω–µ –ø—Ä–µ–¥–æ—Å—Ç–∞–≤–ª–µ–Ω—ã. (0xc0000022)
[1123/181432.867:ERROR:exception_snapshot_win.cc(99)] thread ID 7268 not found in process
[1123/181432.894:ERROR:process_reader_win.cc(151)] SuspendThread: –û—Ç–∫–∞–∑–∞–Ω–æ –≤ –¥–æ—Å—Ç—É–ø–µ. (0x5)
[1123/181432.895:ERROR:process_reader_win.cc(151)] SuspendThread: –û—Ç–∫–∞–∑–∞–Ω–æ –≤ –¥–æ—Å—Ç—É–ø–µ. (0x5)
[1123/181432.895:ERROR:process_reader_win.cc(151)] SuspendThread: –û—Ç–∫–∞–∑–∞–Ω–æ –≤ –¥–æ—Å—Ç—É–ø–µ. (0x5)
[1123/181432.895:ERROR:process_reader_win.cc(151)] SuspendThread: –û—Ç–∫–∞–∑–∞–Ω–æ –≤ –¥–æ—Å—Ç—É–ø–µ. (0x5)
[1123/181432.895:ERROR:process_reader_win.cc(151)] SuspendThread: –û—Ç–∫–∞–∑–∞–Ω–æ –≤ –¥–æ—Å—Ç—É–ø–µ. (0x5)
[1123/181432.895:ERROR:process_reader_win.cc(151)] SuspendThread: –û—Ç–∫–∞–∑–∞–Ω–æ –≤ –¥–æ—Å—Ç—É–ø–µ. (0x5)
[1123/181432.895:ERROR:process_reader_win.cc(151)] SuspendThread: –û—Ç–∫–∞–∑–∞–Ω–æ –≤ –¥–æ—Å—Ç—É–ø–µ. (0x5)
[1123/181432.895:ERROR:process_reader_win.cc(151)] SuspendThread: –û—Ç–∫–∞–∑–∞–Ω–æ –≤ –¥–æ—Å—Ç—É–ø–µ. (0x5)
[1123/181432.895:ERROR:process_reader_win.cc(151)] SuspendThread: –û—Ç–∫–∞–∑–∞–Ω–æ –≤ –¥–æ—Å—Ç—É–ø–µ. (0x5)
[1123/181432.895:ERROR:process_reader_win.cc(151)] SuspendThread: –û—Ç–∫–∞–∑–∞–Ω–æ –≤ –¥–æ—Å—Ç—É–ø–µ. (0x5)
[1123/181432.895:ERROR:process_reader_win.cc(123)] NtOpenThread: {–û—Ç–∫–∞–∑–∞–Ω–æ –≤ –¥–æ—Å—Ç—É–ø–µ} –ü—Ä–æ—Ü–µ—Å—Å –∑–∞–ø—Ä–æ—Å–∏–ª –¥–æ—Å—Ç—É–ø –∫ –æ–±—ä–µ–∫—Ç—É, –Ω–æ –ø—Ä–∞–≤–∞ –Ω–∞ –¥–æ—Å—Ç—É–ø –Ω–µ –ø—Ä–µ–¥–æ—Å—Ç–∞–≤–ª–µ–Ω—ã. (0xc0000022)
[1123/181432.895:ERROR:exception_snapshot_win.cc(99)] thread ID 8372 not found in process
[1123/181432.895:ERROR:process_reader_win.cc(151)] SuspendThread: –û—Ç–∫–∞–∑–∞–Ω–æ –≤ –¥–æ—Å—Ç—É–ø–µ. (0x5)
[1123/181432.895:ERROR:process_reader_win.cc(151)] SuspendThread: –û—Ç–∫–∞–∑–∞–Ω–æ –≤ –¥–æ—Å—Ç—É–ø–µ. (0x5)
[1123/181432.895:ERROR:process_reader_win.cc(151)] SuspendThread: –û—Ç–∫–∞–∑–∞–Ω–æ –≤ –¥–æ—Å—Ç—É–ø–µ. (0x5)
[1123/181432.895:ERROR:process_reader_win.cc(151)] SuspendThread: –û—Ç–∫–∞–∑–∞–Ω–æ –≤ –¥–æ—Å—Ç—É–ø–µ. (0x5)
[1123/181432.895:ERROR:process_reader_win.cc(151)] SuspendThread: –û—Ç–∫–∞–∑–∞–Ω–æ –≤ –¥–æ—Å—Ç—É–ø–µ. (0x5)
[1123/181432.896:ERROR:process_reader_win.cc(151)] SuspendThread: –û—Ç–∫–∞–∑–∞–Ω–æ –≤ –¥–æ—Å—Ç—É–ø–µ. (0x5)
[1123/181432.896:ERROR:process_reader_win.cc(151)] SuspendThread: –û—Ç–∫–∞–∑–∞–Ω–æ –≤ –¥–æ—Å—Ç—É–ø–µ. (0x5)
[1123/181432.896:ERROR:process_reader_win.cc(151)] SuspendThread: –û—Ç–∫–∞–∑–∞–Ω–æ –≤ –¥–æ—Å—Ç—É–ø–µ. (0x5)
[1123/181432.896:ERROR:process_reader_win.cc(123)] NtOpenThread: {–û—Ç–∫–∞–∑–∞–Ω–æ –≤ –¥–æ—Å—Ç—É–ø–µ} –ü—Ä–æ—Ü–µ—Å—Å –∑–∞–ø—Ä–æ—Å–∏–ª –¥–æ—Å—Ç—É–ø –∫ –æ–±—ä–µ–∫—Ç—É, –Ω–æ –ø—Ä–∞–≤–∞ –Ω–∞ –¥–æ—Å—Ç—É–ø –Ω–µ –ø—Ä–µ–¥–æ—Å—Ç–∞–≤–ª–µ–Ω—ã. (0xc0000022)
[1123/181432.896:ERROR:exception_snapshot_win.cc(99)] thread ID 10628 not found in process
[1123/181433.040:ERROR:process_reader_win.cc(151)] SuspendThread: –û—Ç–∫–∞–∑–∞–Ω–æ –≤ –¥–æ—Å—Ç—É–ø–µ. (0x5)
[1123/181433.040:ERROR:process_reader_win.cc(123)] NtOpenThread: {–û—Ç–∫–∞–∑–∞–Ω–æ –≤ –¥–æ—Å—Ç—É–ø–µ} –ü—Ä–æ—Ü–µ—Å—Å –∑–∞–ø—Ä–æ—Å–∏–ª –¥–æ—Å—Ç—É–ø –∫ –æ–±—ä–µ–∫—Ç—É, –Ω–æ –ø—Ä–∞–≤–∞ –Ω–∞ –¥–æ—Å—Ç—É–ø –Ω–µ –ø—Ä–µ–¥–æ—Å—Ç–∞–≤–ª–µ–Ω—ã. (0xc0000022)
[1123/181433.040:ERROR:exception_snapshot_win.cc(99)] thread ID 15324 not found in process
